Reading package lists...
Building dependency tree...
Reading state information...
php7.4-curl is already the newest version (7.4.33-1+deb11u4).
The following packages were automatically installed and are no longer required:
  python3-cached-property python3-docker python3-dockerpty python3-docopt
Use 'sudo apt autoremove' to remove them.
0 upgraded, 0 newly installed, 0 to remove and 1 not upgraded.
Reading package lists...
Building dependency tree...
Reading state information...
php7.4-curl is already the newest version (7.4.33-1+deb11u4).
The following packages were automatically installed and are no longer required:
  python3-cached-property python3-docker python3-dockerpty python3-docopt
Use 'sudo apt autoremove' to remove them.
0 upgraded, 0 newly installed, 0 to remove and 1 not upgraded.
Reading package lists...
Building dependency tree...
Reading state information...
php7.4-curl is already the newest version (7.4.33-1+deb11u4).
The following packages were automatically installed and are no longer required:
  python3-cached-property python3-docker python3-dockerpty python3-docopt
Use 'sudo apt autoremove' to remove them.
0 upgraded, 0 newly installed, 0 to remove and 1 not upgraded.
Reading package lists...
Building dependency tree...
Reading state information...
php7.4-curl is already the newest version (7.4.33-1+deb11u4).
The following packages were automatically installed and are no longer required:
  python3-cached-property python3-docker python3-dockerpty python3-docopt
Use 'sudo apt autoremove' to remove them.
0 upgraded, 0 newly installed, 0 to remove and 1 not upgraded.
Reading package lists...
Building dependency tree...
Reading state information...
php7.4-curl is already the newest version (7.4.33-1+deb11u4).
The following packages were automatically installed and are no longer required:
  python3-cached-property python3-docker python3-dockerpty python3-docopt
Use 'sudo apt autoremove' to remove them.
0 upgraded, 0 newly installed, 0 to remove and 1 not upgraded.
Reading package lists...
Building dependency tree...
Reading state information...
php7.4-curl is already the newest version (7.4.33-1+deb11u4).
The following packages were automatically installed and are no longer required:
  python3-cached-property python3-docker python3-dockerpty python3-docopt
Use 'sudo apt autoremove' to remove them.
0 upgraded, 0 newly installed, 0 to remove and 1 not upgraded.
Reading package lists...
Building dependency tree...
Reading state information...
php7.4-curl is already the newest version (7.4.33-1+deb11u4).
The following packages were automatically installed and are no longer required:
  python3-cached-property python3-docker python3-dockerpty python3-docopt
Use 'sudo apt autoremove' to remove them.
0 upgraded, 0 newly installed, 0 to remove and 1 not upgraded.
Reading package lists...
Building dependency tree...
Reading state information...
php7.4-curl is already the newest version (7.4.33-1+deb11u4).
The following packages were automatically installed and are no longer required:
  python3-cached-property python3-docker python3-dockerpty python3-docopt
Use 'sudo apt autoremove' to remove them.
0 upgraded, 0 newly installed, 0 to remove and 1 not upgraded.
Reading package lists...
Building dependency tree...
Reading state information...
php7.4-curl is already the newest version (7.4.33-1+deb11u4).
The following packages were automatically installed and are no longer required:
  python3-cached-property python3-docker python3-dockerpty python3-docopt
Use 'sudo apt autoremove' to remove them.
0 upgraded, 0 newly installed, 0 to remove and 1 not upgraded.
Reading package lists...
Building dependency tree...
Reading state information...
php7.4-curl is already the newest version (7.4.33-1+deb11u4).
The following packages were automatically installed and are no longer required:
  python3-cached-property python3-docker python3-dockerpty python3-docopt
Use 'sudo apt autoremove' to remove them.
0 upgraded, 0 newly installed, 0 to remove and 1 not upgraded.
